<?xml version="1.0" encoding="UTF-8"?>
<robot generator="Robot 4.1.3 (Python 3.7.5 on win32)" generated="20220623 18:06:12.812" rpa="true" schemaversion="2">
<suite id="s1" name="Tasks" source="D:\Project\Robocorp\Robocorp certification I\tasks.robot">
<test id="s1-t1" name="Insert the sales data for the week and export it as a PDF">
<kw name="Open the intranet website">
<kw name="Open Available Browser" library="RPA.Browser.Selenium">
<arg>https://robotsparebinindustries.com/</arg>
<doc>Attempts to open a browser on the user's device from a set of
supported browsers. Automatically downloads a corresponding webdriver
if none is already installed.</doc>
<msg timestamp="20220623 18:06:16.111" level="INFO">Creating an instance of the Chrome WebDriver.</msg>
<msg timestamp="20220623 18:06:16.459" level="INFO">Created download root directory: D:\ROBOCORP_TEMP\webdrivers</msg>
<msg timestamp="20220623 18:06:16.470" level="INFO">Created symlink directory: D:\ROBOCORP_TEMP\webdrivers</msg>
<msg timestamp="20220623 18:06:16.470" level="INFO">Creating an instance of the Chrome WebDriver.</msg>
<msg timestamp="20220623 18:06:17.750" level="INFO">Created Chrome browser with arguments: --disable-dev-shm-usage --disable-web-security --allow-running-insecure-content --no-sandbox</msg>
<msg timestamp="20220623 18:06:17.750" level="INFO" html="true">&lt;p&gt;Attempted combinations:&lt;/p&gt;&lt;div class="doc"&gt;&lt;table&gt;&lt;tr&gt;&lt;th&gt;Browser&lt;/th&gt;&lt;th&gt;Download&lt;/th&gt;&lt;th&gt;Error&lt;/th&gt;&lt;/tr&gt;&lt;tr&gt;&lt;td&gt;Chrome&lt;/td&gt;&lt;td&gt;False&lt;/td&gt;&lt;td&gt;Message: 'chromedriver' executable needs to be in PATH. Please see https://sites.google.com/a/chromium.org/chromedriver/home
&lt;/td&gt;&lt;/tr&gt;&lt;tr&gt;&lt;td&gt;Chrome&lt;/td&gt;&lt;td&gt;True&lt;/td&gt;&lt;td&gt;&lt;/td&gt;&lt;/tr&gt;&lt;/table&gt;&lt;/div&gt;</msg>
<msg timestamp="20220623 18:06:17.750" level="INFO">Opening url 'https://robotsparebinindustries.com/'</msg>
<status status="PASS" starttime="20220623 18:06:16.111" endtime="20220623 18:06:20.647"/>
</kw>
<status status="PASS" starttime="20220623 18:06:16.111" endtime="20220623 18:06:20.647"/>
</kw>
<kw name="Log in">
<kw name="Input Text" library="RPA.Browser.Selenium">
<arg>username</arg>
<arg>maria</arg>
<doc>Types the given ``text`` into the text field identified by ``locator``.</doc>
<msg timestamp="20220623 18:06:20.649" level="INFO">Typing text 'maria' into text field 'username'.</msg>
<status status="PASS" starttime="20220623 18:06:20.648" endtime="20220623 18:06:20.775"/>
</kw>
<kw name="Input Password" library="RPA.Browser.Selenium">
<arg>password</arg>
<arg>thoushallnotpass</arg>
<doc>Types the given password into the text field identified by ``locator``.</doc>
<msg timestamp="20220623 18:06:20.776" level="INFO">Typing password into text field 'password'.</msg>
<msg timestamp="20220623 18:06:20.841" level="INFO">Temporally setting log level to: NONE</msg>
<msg timestamp="20220623 18:06:20.928" level="INFO">Log level changed from NONE to INFO.</msg>
<status status="PASS" starttime="20220623 18:06:20.776" endtime="20220623 18:06:20.928"/>
</kw>
<kw name="Submit Form" library="RPA.Browser.Selenium">
<doc>Submits a form identified by ``locator``.</doc>
<msg timestamp="20220623 18:06:20.928" level="INFO">Submitting form 'None'.</msg>
<status status="PASS" starttime="20220623 18:06:20.928" endtime="20220623 18:06:21.012"/>
</kw>
<kw name="Wait Until Page Contains Element" library="RPA.Browser.Selenium">
<arg>id:sales-form</arg>
<doc>Waits until the element ``locator`` appears on the current page.</doc>
<status status="PASS" starttime="20220623 18:06:21.012" endtime="20220623 18:06:22.140"/>
</kw>
<status status="PASS" starttime="20220623 18:06:20.647" endtime="20220623 18:06:22.140"/>
</kw>
<kw name="Download the Excel file">
<kw name="Download" library="RPA.HTTP">
<arg>https://robotsparebinindustries.com/SalesData.xlsx</arg>
<arg>overwrite=True</arg>
<doc>An alias for the ``HTTP Get`` keyword.</doc>
<msg timestamp="20220623 18:06:22.140" level="INFO">Creating a new HTTP session</msg>
<msg timestamp="20220623 18:06:22.140" level="INFO">Creating Session using : alias=rpasession_alias.httpsrobotsparebinindustries.com, url=https://robotsparebinindustries.com, headers={},                     cookies={}, auth=None, timeout=None, proxies=None, verify=True,                     debug=0 </msg>
<status status="PASS" starttime="20220623 18:06:22.140" endtime="20220623 18:06:24.790"/>
</kw>
<status status="PASS" starttime="20220623 18:06:22.140" endtime="20220623 18:06:24.790"/>
</kw>
<kw name="Fill the form using the data from the Excel file">
<kw name="Open Workbook" library="RPA.Excel.Files">
<arg>SalesData.xlsx</arg>
<doc>Open an existing Excel workbook.</doc>
<msg timestamp="20220623 18:06:24.975" level="INFO">Opened workbook: &lt;RPA.Excel.Files.XlsxWorkbook object at 0x0000011B22557F08&gt;</msg>
<status status="PASS" starttime="20220623 18:06:24.790" endtime="20220623 18:06:24.975"/>
</kw>
<kw name="Read Worksheet As Table" library="RPA.Excel.Files">
<var>${sales_reps}</var>
<arg>header=True</arg>
<doc>Read the content of a worksheet into a Table container. Allows
sorting/filtering/manipulating using the ``RPA.Tables`` library.</doc>
<msg timestamp="20220623 18:06:24.975" level="INFO">Created table: Table(columns=['First Name', 'Last Name', 'Sales', 'Sales Target'], rows=50)</msg>
<msg timestamp="20220623 18:06:24.975" level="INFO">${sales_reps} = Table(columns=['First Name', 'Last Name', 'Sales', 'Sales Target'], rows=50)</msg>
<status status="PASS" starttime="20220623 18:06:24.975" endtime="20220623 18:06:24.975"/>
</kw>
<kw name="Close Workbook" library="RPA.Excel.Files">
<doc>Close the active workbook.</doc>
<msg timestamp="20220623 18:06:24.975" level="INFO">Closing workbook: &lt;RPA.Excel.Files.XlsxWorkbook object at 0x0000011B22557F08&gt;</msg>
<status status="PASS" starttime="20220623 18:06:24.975" endtime="20220623 18:06:24.975"/>
</kw>
<for flavor="IN">
<var>${sales_rep}</var>
<value>@{sales_reps}</value>
<iter>
<var name="${sales_rep}">{'First Name': 'David', 'Last Name': 'Heazel', 'Sales': 80193, 'Sales Target': 30000}</var>
<kw name="Fill and submit the form for one person">
<arg>${sales_rep}</arg>
<kw name="Input Text" library="RPA.Browser.Selenium">
<arg>firstname</arg>
<arg>${sales_rep}[First Name]</arg>
<doc>Types the given ``text`` into the text field identified by ``locator``.</doc>
<msg timestamp="20220623 18:06:24.975" level="INFO">Typing text 'David' into text field 'firstname'.</msg>
<status status="PASS" starttime="20220623 18:06:24.975" endtime="20220623 18:06:25.086"/>
</kw>
<kw name="Input Text" library="RPA.Browser.Selenium">
<arg>lastname</arg>
<arg>${sales_rep}[Last Name]</arg>
<doc>Types the given ``text`` into the text field identified by ``locator``.</doc>
<msg timestamp="20220623 18:06:25.086" level="INFO">Typing text 'Heazel' into text field 'lastname'.</msg>
<status status="PASS" starttime="20220623 18:06:25.086" endtime="20220623 18:06:25.200"/>
</kw>
<kw name="Input Text" library="RPA.Browser.Selenium">
<arg>salesresult</arg>
<arg>${sales_rep}[Sales]</arg>
<doc>Types the given ``text`` into the text field identified by ``locator``.</doc>
<msg timestamp="20220623 18:06:25.201" level="INFO">Typing text '80193' into text field 'salesresult'.</msg>
<status status="PASS" starttime="20220623 18:06:25.200" endtime="20220623 18:06:25.295"/>
</kw>
<kw name="Select From List By Value" library="RPA.Browser.Selenium">
<arg>salestarget</arg>
<arg>${sales_rep}[Sales Target]</arg>
<doc>Selects options from selection list ``locator`` by ``values``.</doc>
<msg timestamp="20220623 18:06:25.295" level="INFO">Selecting options from selection list 'salestarget' by value 30000.</msg>
<status status="PASS" starttime="20220623 18:06:25.295" endtime="20220623 18:06:25.445"/>
</kw>
<kw name="Click Button" library="RPA.Browser.Selenium">
<arg>Submit</arg>
<doc>Clicks the button identified by ``locator``.</doc>
<msg timestamp="20220623 18:06:25.445" level="INFO">Clicking button 'Submit'.</msg>
<status status="PASS" starttime="20220623 18:06:25.445" endtime="20220623 18:06:25.626"/>
</kw>
<status status="PASS" starttime="20220623 18:06:24.975" endtime="20220623 18:06:25.627"/>
</kw>
<status status="PASS" starttime="20220623 18:06:24.975" endtime="20220623 18:06:25.627"/>
</iter>
<iter>
<var name="${sales_rep}">{'First Name': 'Conte', 'Last Name': 'Mascetti', 'Sales': 141182, 'Sales Target': 35000}</var>
<kw name="Fill and submit the form for one person">
<arg>${sales_rep}</arg>
<kw name="Input Text" library="RPA.Browser.Selenium">
<arg>firstname</arg>
<arg>${sales_rep}[First Name]</arg>
<doc>Types the given ``text`` into the text field identified by ``locator``.</doc>
<msg timestamp="20220623 18:06:25.628" level="INFO">Typing text 'Conte' into text field 'firstname'.</msg>
<status status="PASS" starttime="20220623 18:06:25.628" endtime="20220623 18:06:25.722"/>
</kw>
<kw name="Input Text" library="RPA.Browser.Selenium">
<arg>lastname</arg>
<arg>${sales_rep}[Last Name]</arg>
<doc>Types the given ``text`` into the text field identified by ``locator``.</doc>
<msg timestamp="20220623 18:06:25.723" level="INFO">Typing text 'Mascetti' into text field 'lastname'.</msg>
<status status="PASS" starttime="20220623 18:06:25.723" endtime="20220623 18:06:25.804"/>
</kw>
<kw name="Input Text" library="RPA.Browser.Selenium">
<arg>salesresult</arg>
<arg>${sales_rep}[Sales]</arg>
<doc>Types the given ``text`` into the text field identified by ``locator``.</doc>
<msg timestamp="20220623 18:06:25.806" level="INFO">Typing text '141182' into text field 'salesresult'.</msg>
<status status="PASS" starttime="20220623 18:06:25.805" endtime="20220623 18:06:25.893"/>
</kw>
<kw name="Select From List By Value" library="RPA.Browser.Selenium">
<arg>salestarget</arg>
<arg>${sales_rep}[Sales Target]</arg>
<doc>Selects options from selection list ``locator`` by ``values``.</doc>
<msg timestamp="20220623 18:06:25.893" level="INFO">Selecting options from selection list 'salestarget' by value 35000.</msg>
<status status="PASS" starttime="20220623 18:06:25.893" endtime="20220623 18:06:25.969"/>
</kw>
<kw name="Click Button" library="RPA.Browser.Selenium">
<arg>Submit</arg>
<doc>Clicks the button identified by ``locator``.</doc>
<msg timestamp="20220623 18:06:25.970" level="INFO">Clicking button 'Submit'.</msg>
<status status="PASS" starttime="20220623 18:06:25.970" endtime="20220623 18:06:26.128"/>
</kw>
<status status="PASS" starttime="20220623 18:06:25.627" endtime="20220623 18:06:26.128"/>
</kw>
<status status="PASS" starttime="20220623 18:06:25.627" endtime="20220623 18:06:26.128"/>
</iter>
<iter>
<var name="${sales_rep}">{'First Name': 'Dallon', 'Last Name': 'Seals', 'Sales': 61456, 'Sales Target': 15000}</var>
<kw name="Fill and submit the form for one person">
<arg>${sales_rep}</arg>
<kw name="Input Text" library="RPA.Browser.Selenium">
<arg>firstname</arg>
<arg>${sales_rep}[First Name]</arg>
<doc>Types the given ``text`` into the text field identified by ``locator``.</doc>
<msg timestamp="20220623 18:06:26.129" level="INFO">Typing text 'Dallon' into text field 'firstname'.</msg>
<status status="PASS" starttime="20220623 18:06:26.129" endtime="20220623 18:06:26.230"/>
</kw>
<kw name="Input Text" library="RPA.Browser.Selenium">
<arg>lastname</arg>
<arg>${sales_rep}[Last Name]</arg>
<doc>Types the given ``text`` into the text field identified by ``locator``.</doc>
<msg timestamp="20220623 18:06:26.231" level="INFO">Typing text 'Seals' into text field 'lastname'.</msg>
<status status="PASS" starttime="20220623 18:06:26.230" endtime="20220623 18:06:26.331"/>
</kw>
<kw name="Input Text" library="RPA.Browser.Selenium">
<arg>salesresult</arg>
<arg>${sales_rep}[Sales]</arg>
<doc>Types the given ``text`` into the text field identified by ``locator``.</doc>
<msg timestamp="20220623 18:06:26.333" level="INFO">Typing text '61456' into text field 'salesresult'.</msg>
<status status="PASS" starttime="20220623 18:06:26.331" endtime="20220623 18:06:26.435"/>
</kw>
<kw name="Select From List By Value" library="RPA.Browser.Selenium">
<arg>salestarget</arg>
<arg>${sales_rep}[Sales Target]</arg>
<doc>Selects options from selection list ``locator`` by ``values``.</doc>
<msg timestamp="20220623 18:06:26.437" level="INFO">Selecting options from selection list 'salestarget' by value 15000.</msg>
<status status="PASS" starttime="20220623 18:06:26.436" endtime="20220623 18:06:26.517"/>
</kw>
<kw name="Click Button" library="RPA.Browser.Selenium">
<arg>Submit</arg>
<doc>Clicks the button identified by ``locator``.</doc>
<msg timestamp="20220623 18:06:26.519" level="INFO">Clicking button 'Submit'.</msg>
<status status="PASS" starttime="20220623 18:06:26.518" endtime="20220623 18:06:26.686"/>
</kw>
<status status="PASS" starttime="20220623 18:06:26.128" endtime="20220623 18:06:26.687"/>
</kw>
<status status="PASS" starttime="20220623 18:06:26.128" endtime="20220623 18:06:26.687"/>
</iter>
<iter>
<var name="${sales_rep}">{'First Name': 'Jocelyn', 'Last Name': 'Thomsson', 'Sales': 99354, 'Sales Target': 95000}</var>
<kw name="Fill and submit the form for one person">
<arg>${sales_rep}</arg>
<kw name="Input Text" library="RPA.Browser.Selenium">
<arg>firstname</arg>
<arg>${sales_rep}[First Name]</arg>
<doc>Types the given ``text`` into the text field identified by ``locator``.</doc>
<msg timestamp="20220623 18:06:26.688" level="INFO">Typing text 'Jocelyn' into text field 'firstname'.</msg>
<status status="PASS" starttime="20220623 18:06:26.688" endtime="20220623 18:06:26.788"/>
</kw>
<kw name="Input Text" library="RPA.Browser.Selenium">
<arg>lastname</arg>
<arg>${sales_rep}[Last Name]</arg>
<doc>Types the given ``text`` into the text field identified by ``locator``.</doc>
<msg timestamp="20220623 18:06:26.790" level="INFO">Typing text 'Thomsson' into text field 'lastname'.</msg>
<status status="PASS" starttime="20220623 18:06:26.788" endtime="20220623 18:06:26.893"/>
</kw>
<kw name="Input Text" library="RPA.Browser.Selenium">
<arg>salesresult</arg>
<arg>${sales_rep}[Sales]</arg>
<doc>Types the given ``text`` into the text field identified by ``locator``.</doc>
<msg timestamp="20220623 18:06:26.894" level="INFO">Typing text '99354' into text field 'salesresult'.</msg>
<status status="PASS" starttime="20220623 18:06:26.893" endtime="20220623 18:06:26.974"/>
</kw>
<kw name="Select From List By Value" library="RPA.Browser.Selenium">
<arg>salestarget</arg>
<arg>${sales_rep}[Sales Target]</arg>
<doc>Selects options from selection list ``locator`` by ``values``.</doc>
<msg timestamp="20220623 18:06:26.975" level="INFO">Selecting options from selection list 'salestarget' by value 95000.</msg>
<status status="PASS" starttime="20220623 18:06:26.975" endtime="20220623 18:06:27.048"/>
</kw>
<kw name="Click Button" library="RPA.Browser.Selenium">
<arg>Submit</arg>
<doc>Clicks the button identified by ``locator``.</doc>
<msg timestamp="20220623 18:06:27.050" level="INFO">Clicking button 'Submit'.</msg>
<status status="PASS" starttime="20220623 18:06:27.049" endtime="20220623 18:06:27.551"/>
</kw>
<status status="PASS" starttime="20220623 18:06:26.687" endtime="20220623 18:06:27.551"/>
</kw>
<status status="PASS" starttime="20220623 18:06:26.687" endtime="20220623 18:06:27.551"/>
</iter>
<iter>
<var name="${sales_rep}">{'First Name': 'Yoko', 'Last Name': 'Flecknell', 'Sales': 139701, 'Sales Target': 50000}</var>
<kw name="Fill and submit the form for one person">
<arg>${sales_rep}</arg>
<kw name="Input Text" library="RPA.Browser.Selenium">
<arg>firstname</arg>
<arg>${sales_rep}[First Name]</arg>
<doc>Types the given ``text`` into the text field identified by ``locator``.</doc>
<msg timestamp="20220623 18:06:27.554" level="INFO">Typing text 'Yoko' into text field 'firstname'.</msg>
<status status="PASS" starttime="20220623 18:06:27.553" endtime="20220623 18:06:27.670"/>
</kw>
<kw name="Input Text" library="RPA.Browser.Selenium">
<arg>lastname</arg>
<arg>${sales_rep}[Last Name]</arg>
<doc>Types the given ``text`` into the text field identified by ``locator``.</doc>
<msg timestamp="20220623 18:06:27.671" level="INFO">Typing text 'Flecknell' into text field 'lastname'.</msg>
<status status="PASS" starttime="20220623 18:06:27.670" endtime="20220623 18:06:27.780"/>
</kw>
<kw name="Input Text" library="RPA.Browser.Selenium">
<arg>salesresult</arg>
<arg>${sales_rep}[Sales]</arg>
<doc>Types the given ``text`` into the text field identified by ``locator``.</doc>
<msg timestamp="20220623 18:06:27.781" level="INFO">Typing text '139701' into text field 'salesresult'.</msg>
<status status="PASS" starttime="20220623 18:06:27.780" endtime="20220623 18:06:27.866"/>
</kw>
<kw name="Select From List By Value" library="RPA.Browser.Selenium">
<arg>salestarget</arg>
<arg>${sales_rep}[Sales Target]</arg>
<doc>Selects options from selection list ``locator`` by ``values``.</doc>
<msg timestamp="20220623 18:06:27.868" level="INFO">Selecting options from selection list 'salestarget' by value 50000.</msg>
<status status="PASS" starttime="20220623 18:06:27.866" endtime="20220623 18:06:27.947"/>
</kw>
<kw name="Click Button" library="RPA.Browser.Selenium">
<arg>Submit</arg>
<doc>Clicks the button identified by ``locator``.</doc>
<msg timestamp="20220623 18:06:27.948" level="INFO">Clicking button 'Submit'.</msg>
<status status="PASS" starttime="20220623 18:06:27.948" endtime="20220623 18:06:28.309"/>
</kw>
<status status="PASS" starttime="20220623 18:06:27.552" endtime="20220623 18:06:28.310"/>
</kw>
<status status="PASS" starttime="20220623 18:06:27.552" endtime="20220623 18:06:28.310"/>
</iter>
<iter>
<var name="${sales_rep}">{'First Name': 'Ninnette', 'Last Name': 'Heinssen', 'Sales': 63808, 'Sales Target': 25000}</var>
<kw name="Fill and submit the form for one person">
<arg>${sales_rep}</arg>
<kw name="Input Text" library="RPA.Browser.Selenium">
<arg>firstname</arg>
<arg>${sales_rep}[First Name]</arg>
<doc>Types the given ``text`` into the text field identified by ``locator``.</doc>
<msg timestamp="20220623 18:06:28.312" level="INFO">Typing text 'Ninnette' into text field 'firstname'.</msg>
<status status="PASS" starttime="20220623 18:06:28.311" endtime="20220623 18:06:28.420"/>
</kw>
<kw name="Input Text" library="RPA.Browser.Selenium">
<arg>lastname</arg>
<arg>${sales_rep}[Last Name]</arg>
<doc>Types the given ``text`` into the text field identified by ``locator``.</doc>
<msg timestamp="20220623 18:06:28.420" level="INFO">Typing text 'Heinssen' into text field 'lastname'.</msg>
<status status="PASS" starttime="20220623 18:06:28.420" endtime="20220623 18:06:28.503"/>
</kw>
<kw name="Input Text" library="RPA.Browser.Selenium">
<arg>salesresult</arg>
<arg>${sales_rep}[Sales]</arg>
<doc>Types the given ``text`` into the text field identified by ``locator``.</doc>
<msg timestamp="20220623 18:06:28.505" level="INFO">Typing text '63808' into text field 'salesresult'.</msg>
<status status="PASS" starttime="20220623 18:06:28.504" endtime="20220623 18:06:28.576"/>
</kw>
<kw name="Select From List By Value" library="RPA.Browser.Selenium">
<arg>salestarget</arg>
<arg>${sales_rep}[Sales Target]</arg>
<doc>Selects options from selection list ``locator`` by ``values``.</doc>
<msg timestamp="20220623 18:06:28.576" level="INFO">Selecting options from selection list 'salestarget' by value 25000.</msg>
<status status="PASS" starttime="20220623 18:06:28.576" endtime="20220623 18:06:28.623"/>
</kw>
<kw name="Click Button" library="RPA.Browser.Selenium">
<arg>Submit</arg>
<doc>Clicks the button identified by ``locator``.</doc>
<msg timestamp="20220623 18:06:28.624" level="INFO">Clicking button 'Submit'.</msg>
<status status="PASS" starttime="20220623 18:06:28.623" endtime="20220623 18:06:28.781"/>
</kw>
<status status="PASS" starttime="20220623 18:06:28.310" endtime="20220623 18:06:28.781"/>
</kw>
<status status="PASS" starttime="20220623 18:06:28.310" endtime="20220623 18:06:28.781"/>
</iter>
<iter>
<var name="${sales_rep}">{'First Name': 'Ahmed', 'Last Name': 'Vasnetsov', 'Sales': 50211, 'Sales Target': 60000}</var>
<kw name="Fill and submit the form for one person">
<arg>${sales_rep}</arg>
<kw name="Input Text" library="RPA.Browser.Selenium">
<arg>firstname</arg>
<arg>${sales_rep}[First Name]</arg>
<doc>Types the given ``text`` into the text field identified by ``locator``.</doc>
<msg timestamp="20220623 18:06:28.783" level="INFO">Typing text 'Ahmed' into text field 'firstname'.</msg>
<status status="PASS" starttime="20220623 18:06:28.783" endtime="20220623 18:06:28.878"/>
</kw>
<kw name="Input Text" library="RPA.Browser.Selenium">
<arg>lastname</arg>
<arg>${sales_rep}[Last Name]</arg>
<doc>Types the given ``text`` into the text field identified by ``locator``.</doc>
<msg timestamp="20220623 18:06:28.879" level="INFO">Typing text 'Vasnetsov' into text field 'lastname'.</msg>
<status status="PASS" starttime="20220623 18:06:28.878" endtime="20220623 18:06:28.966"/>
</kw>
<kw name="Input Text" library="RPA.Browser.Selenium">
<arg>salesresult</arg>
<arg>${sales_rep}[Sales]</arg>
<doc>Types the given ``text`` into the text field identified by ``locator``.</doc>
<msg timestamp="20220623 18:06:28.969" level="INFO">Typing text '50211' into text field 'salesresult'.</msg>
<status status="PASS" starttime="20220623 18:06:28.967" endtime="20220623 18:06:29.033"/>
</kw>
<kw name="Select From List By Value" library="RPA.Browser.Selenium">
<arg>salestarget</arg>
<arg>${sales_rep}[Sales Target]</arg>
<doc>Selects options from selection list ``locator`` by ``values``.</doc>
<msg timestamp="20220623 18:06:29.035" level="INFO">Selecting options from selection list 'salestarget' by value 60000.</msg>
<status status="PASS" starttime="20220623 18:06:29.034" endtime="20220623 18:06:29.106"/>
</kw>
<kw name="Click Button" library="RPA.Browser.Selenium">
<arg>Submit</arg>
<doc>Clicks the button identified by ``locator``.</doc>
<msg timestamp="20220623 18:06:29.107" level="INFO">Clicking button 'Submit'.</msg>
<status status="PASS" starttime="20220623 18:06:29.107" endtime="20220623 18:06:29.661"/>
</kw>
<status status="PASS" starttime="20220623 18:06:28.781" endtime="20220623 18:06:29.662"/>
</kw>
<status status="PASS" starttime="20220623 18:06:28.781" endtime="20220623 18:06:29.662"/>
</iter>
<iter>
<var name="${sales_rep}">{'First Name': 'Pearline', 'Last Name': 'Fenton', 'Sales': 78556, 'Sales Target': 35000}</var>
<kw name="Fill and submit the form for one person">
<arg>${sales_rep}</arg>
<kw name="Input Text" library="RPA.Browser.Selenium">
<arg>firstname</arg>
<arg>${sales_rep}[First Name]</arg>
<doc>Types the given ``text`` into the text field identified by ``locator``.</doc>
<msg timestamp="20220623 18:06:29.663" level="INFO">Typing text 'Pearline' into text field 'firstname'.</msg>
<status status="PASS" starttime="20220623 18:06:29.663" endtime="20220623 18:06:29.779"/>
</kw>
<kw name="Input Text" library="RPA.Browser.Selenium">
<arg>lastname</arg>
<arg>${sales_rep}[Last Name]</arg>
<doc>Types the given ``text`` into the text field identified by ``locator``.</doc>
<msg timestamp="20220623 18:06:29.781" level="INFO">Typing text 'Fenton' into text field 'lastname'.</msg>
<status status="PASS" starttime="20220623 18:06:29.781" endtime="20220623 18:06:29.908"/>
</kw>
<kw name="Input Text" library="RPA.Browser.Selenium">
<arg>salesresult</arg>
<arg>${sales_rep}[Sales]</arg>
<doc>Types the given ``text`` into the text field identified by ``locator``.</doc>
<msg timestamp="20220623 18:06:29.909" level="INFO">Typing text '78556' into text field 'salesresult'.</msg>
<status status="PASS" starttime="20220623 18:06:29.908" endtime="20220623 18:06:30.021"/>
</kw>
<kw name="Select From List By Value" library="RPA.Browser.Selenium">
<arg>salestarget</arg>
<arg>${sales_rep}[Sales Target]</arg>
<doc>Selects options from selection list ``locator`` by ``values``.</doc>
<msg timestamp="20220623 18:06:30.022" level="INFO">Selecting options from selection list 'salestarget' by value 35000.</msg>
<status status="PASS" starttime="20220623 18:06:30.021" endtime="20220623 18:06:30.116"/>
</kw>
<kw name="Click Button" library="RPA.Browser.Selenium">